SLF4J: Class path contains multiple SLF4J bindings.
SLF4J: Found binding in [jar:file:/C:/TALEND/STUDIO/studio/plugins/org.eclipse.m2e.maven.runtime.slf4j.simple_1.18.0.20210402-1458/jars/slf4j-simple-1.7.5.jar!/org/slf4j/impl/StaticLoggerBinder.class]
SLF4J: Found binding in [file:/C:/TALEND/STUDIO/studio/configuration/org.eclipse.osgi/1160/0/.cp/org/slf4j/impl/StaticLoggerBinder.class]
SLF4J: See http://www.slf4j.org/codes.html#multiple_bindings for an explanation.
SLF4J: Actual binding is of type [org.slf4j.impl.SimpleLoggerFactory]
[INFO] Disabling enhanced local repository: using legacy is strongly discouraged to ensure build reproducibility.
[INFO] Scanning for projects...
[INFO] 
[INFO] ---------< org.example.bi_team_projects.job:JOB_VENTE_MENSUEL >---------
[INFO] Building BI_TEAM_PROJECTS JOB_VENTE_MENSUEL-0.1.0 (0.1,Jobs) 0.1.0
[INFO] --------------------------------[ jar ]---------------------------------
[WARNING] The POM for org.apache.commons:commons-lang3:jar:3.10 is missing, no dependency information available
[WARNING] The POM for org.talend.components:talendcsv:jar:1.0.0 is missing, no dependency information available
[INFO] 
[INFO] --- builder-maven-plugin:8.0.7:generate (default) @ JOB_VENTE_MENSUEL ---
[INFO] Skipping ci-builder
[INFO] 
[INFO] --- maven-resources-plugin:3.0.2:resources (default-resources) @ JOB_VENTE_MENSUEL ---
[WARNING] The POM for commons-io:commons-io:jar:2.6 is missing, no dependency information available
[WARNING] The POM for org.codehaus.plexus:plexus-utils:jar:3.4.1 is missing, no dependency information available
[WARNING] The POM for org.codehaus.plexus:plexus-classworlds:jar:2.5.2 is missing, no dependency information available
[WARNING] The POM for org.slf4j:slf4j-api:jar:1.7.30 is missing, no dependency information available
[WARNING] The POM for org.apache.maven:maven-core:jar:3.0 is missing, no dependency information available
[WARNING] The POM for org.apache.maven.shared:maven-shared-utils:jar:3.0.0 is missing, no dependency information available
[WARNING] Using platform encoding (UTF-8 actually) to copy filtered resources, i.e. build is platform dependent!
[INFO] Copying 3 resources
[INFO] 
[INFO] --- maven-compiler-plugin:3.6.1:compile (default-compile) @ JOB_VENTE_MENSUEL ---
[WARNING] The POM for org.apache.commons:commons-compress:jar:1.19 is missing, no dependency information available
[WARNING] The POM for org.eclipse.platform:org.eclipse.osgi:jar:3.15.100 is missing, no dependency information available
[WARNING] The POM for org.apache.commons:commons-compress:jar:1.16.1 is missing, no dependency information available
[WARNING] The POM for org.apache.maven.shared:maven-shared-utils:jar:0.1 is missing, no dependency information available
[INFO] Not compiling main sources
[INFO] 
[INFO] --- maven-resources-plugin:3.0.2:testResources (default-testResources) @ JOB_VENTE_MENSUEL ---
[INFO] Not copying test resources
[INFO] 
[INFO] --- maven-compiler-plugin:3.6.1:testCompile (default-testCompile) @ JOB_VENTE_MENSUEL ---
[INFO] Not compiling test sources
[INFO] 
[INFO] --- maven-surefire-plugin:2.20:test (default-test) @ JOB_VENTE_MENSUEL ---
[WARNING] The POM for junit:junit:jar:4.12 is missing, no dependency information available
[INFO] Tests are skipped.
[INFO] 
[INFO] --- maven-jar-plugin:3.0.2:jar (default-jar) @ JOB_VENTE_MENSUEL ---
[WARNING] The POM for org.apache.maven.shared:maven-shared-utils:jar:3.0.1 is missing, no dependency information available
[WARNING] The POM for commons-io:commons-io:jar:2.5 is missing, no dependency information available
[WARNING] The POM for org.apache.commons:commons-compress:jar:1.11 is missing, no dependency information available
[INFO] Building jar: C:\TALEND\STUDIO\WORKSPACES\REMOTE_WORKSPACE\.repositories\303849274\branches\PREPROD\BI_TEAM_PROJECTS\poms\jobs\process\job_vente_mensuel_0.1\target\job_vente_mensuel_0_1.jar
[INFO] 
[INFO] --- maven-assembly-plugin:3.0.0:single (default) @ JOB_VENTE_MENSUEL ---
[WARNING] The POM for org.apache.maven.shared:maven-shared-utils:jar:3.1.0 is missing, no dependency information available
[WARNING] The POM for commons-codec:commons-codec:jar:1.6 is missing, no dependency information available
[INFO] Reading assembly descriptor: C:\TALEND\STUDIO\WORKSPACES\REMOTE_WORKSPACE\.repositories\303849274\branches\PREPROD\BI_TEAM_PROJECTS\poms\jobs\process\job_vente_mensuel_0.1/src/main/assemblies/assembly.xml
[WARNING] Missing POM for org.apache.commons:commons-lang3:jar:3.10
[WARNING] Missing POM for org.talend.components:talendcsv:jar:1.0.0
[INFO] Building zip: C:\TALEND\STUDIO\WORKSPACES\REMOTE_WORKSPACE\.repositories\303849274\branches\PREPROD\BI_TEAM_PROJECTS\poms\jobs\process\job_vente_mensuel_0.1\target\job_vente_mensuel_0_1.zip
[INFO] 
[INFO] --- signer-maven-plugin:8.0.3:sign (sign) @ JOB_VENTE_MENSUEL ---
[INFO] Start to sign the job artifact
[INFO] Start to sign artifact, the source file is job_vente_mensuel_0_1.zip and target file is job_vente_mensuel_0_1_sign_.zip
[INFO] ------------------------------------------------------------------------
[INFO] BUILD SUCCESS
[INFO] ------------------------------------------------------------------------
[INFO] Total time:  2.952 s
[INFO] Finished at: 2022-08-04T12:42:38+01:00
[INFO] ------------------------------------------------------------------------
